[22:42:52] [Server thread/INFO]: Starting minecraft server version 1.15.2
[22:42:52] [Server thread/INFO]: Loading properties
[22:42:52] [Server thread/INFO]: This server is running CraftBukkit version git-Spigot-800b93f-8160e29 (MC: 1.15.2) (Implementing API version 1.15.2-R0.1-SNAPSHOT)
[22:42:52] [Server thread/INFO]: Debug logging is disabled
[22:42:52] [Server thread/INFO]: Server Ping Player Sample Count: 12
[22:42:52] [Server thread/INFO]: Using 4 threads for Netty based IO
[22:42:52] [Server thread/INFO]: Default game type: SURVIVAL
[22:42:52] [Server thread/INFO]: Generating keypair
[22:42:52] [Server thread/INFO]: Starting Minecraft server on *:2028
[22:42:52] [Server thread/INFO]: Using default channel type
[22:42:53] [Server thread/WARN]: **** SERVER IS RUNNING IN OFFLINE/INSECURE MODE!
[22:42:53] [Server thread/WARN]: The server will make no attempt to authenticate usernames. Beware.
[22:42:53] [Server thread/WARN]: While this makes the game possible to play without internet access, it also opens up the ability for hackers to connect with any username they choose.
[22:42:53] [Server thread/WARN]: To change this, set "online-mode" to "true" in the server.properties file.
[22:42:53] [Server thread/INFO]: Preparing level "world"
[22:42:53] [Server thread/INFO]: Reloading ResourceManager: Default, bukkit
[22:42:53] [Server thread/INFO]: Loaded 6 recipes
[22:42:54] [Server thread/INFO]: -------- World Settings For [world] --------
[22:42:54] [Server thread/INFO]: View Distance: 10
[22:42:54] [Server thread/INFO]: Allow Zombie Pigmen to spawn from portal blocks: true
[22:42:54] [Server thread/INFO]: Arrow Despawn Rate: 1200 Trident Respawn Rate:1200
[22:42:54] [Server thread/INFO]: Item Merge Radius: 2.5
[22:42:54] [Server thread/INFO]: Item Despawn Rate: 6000
[22:42:54] [Server thread/INFO]: Nerfing mobs spawned from spawners: false
[22:42:54] [Server thread/INFO]: Custom Map Seeds:  Village: 10387312 Desert: 14357617 Igloo: 14357618 Jungle: 14357619 Swamp: 14357620 Monument: 10387313Ocean: 14357621 Shipwreck: 165745295 Slime: 987234911
[22:42:54] [Server thread/INFO]: Zombie Aggressive Towards Villager: true
[22:42:54] [Server thread/INFO]: Tile Max Tick Time: 50ms Entity max Tick Time: 50ms
[22:42:54] [Server thread/INFO]: Max TNT Explosions: 100
[22:42:54] [Server thread/INFO]: Entity Tracking Range: Pl 48 / An 48 / Mo 48 / Mi 32 / Other 64
[22:42:54] [Server thread/INFO]: Cactus Growth Modifier: 100%
[22:42:54] [Server thread/INFO]: Cane Growth Modifier: 100%
[22:42:54] [Server thread/INFO]: Melon Growth Modifier: 100%
[22:42:54] [Server thread/INFO]: Mushroom Growth Modifier: 100%
[22:42:54] [Server thread/INFO]: Pumpkin Growth Modifier: 100%
[22:42:54] [Server thread/INFO]: Sapling Growth Modifier: 100%
[22:42:54] [Server thread/INFO]: Beetroot Growth Modifier: 100%
[22:42:54] [Server thread/INFO]: Carrot Growth Modifier: 100%
[22:42:54] [Server thread/INFO]: Potato Growth Modifier: 100%
[22:42:54] [Server thread/INFO]: Wheat Growth Modifier: 100%
[22:42:54] [Server thread/INFO]: NetherWart Growth Modifier: 100%
[22:42:54] [Server thread/INFO]: Vine Growth Modifier: 100%
[22:42:54] [Server thread/INFO]: Cocoa Growth Modifier: 100%
[22:42:54] [Server thread/INFO]: Bamboo Growth Modifier: 100%
[22:42:54] [Server thread/INFO]: SweetBerry Growth Modifier: 100%
[22:42:54] [Server thread/INFO]: Kelp Growth Modifier: 100%
[22:42:54] [Server thread/INFO]: Experience Merge Radius: 3.0
[22:42:54] [Server thread/INFO]: Entity Activation Range: An 32 / Mo 32 / Ra 48 / Mi 16 / Tiv true
[22:42:54] [Server thread/INFO]: Mob Spawn Range: 6
[22:42:54] [Server thread/INFO]: Hopper Transfer: 8 Hopper Check: 1 Hopper Amount: 1
[22:42:57] [Server thread/INFO]: -------- World Settings For [world_nether] --------
[22:42:57] [Server thread/INFO]: View Distance: 10
[22:42:57] [Server thread/INFO]: Allow Zombie Pigmen to spawn from portal blocks: true
[22:42:57] [Server thread/INFO]: Arrow Despawn Rate: 1200 Trident Respawn Rate:1200
[22:42:57] [Server thread/INFO]: Item Merge Radius: 2.5
[22:42:57] [Server thread/INFO]: Item Despawn Rate: 6000
[22:42:57] [Server thread/INFO]: Nerfing mobs spawned from spawners: false
[22:42:57] [Server thread/INFO]: Custom Map Seeds:  Village: 10387312 Desert: 14357617 Igloo: 14357618 Jungle: 14357619 Swamp: 14357620 Monument: 10387313Ocean: 14357621 Shipwreck: 165745295 Slime: 987234911
[22:42:57] [Server thread/INFO]: Zombie Aggressive Towards Villager: true
[22:42:57] [Server thread/INFO]: Tile Max Tick Time: 50ms Entity max Tick Time: 50ms
[22:42:57] [Server thread/INFO]: Max TNT Explosions: 100
[22:42:57] [Server thread/INFO]: Entity Tracking Range: Pl 48 / An 48 / Mo 48 / Mi 32 / Other 64
[22:42:57] [Server thread/INFO]: Cactus Growth Modifier: 100%
[22:42:57] [Server thread/INFO]: Cane Growth Modifier: 100%
[22:42:57] [Server thread/INFO]: Melon Growth Modifier: 100%
[22:42:57] [Server thread/INFO]: Mushroom Growth Modifier: 100%
[22:42:57] [Server thread/INFO]: Pumpkin Growth Modifier: 100%
[22:42:57] [Server thread/INFO]: Sapling Growth Modifier: 100%
[22:42:57] [Server thread/INFO]: Beetroot Growth Modifier: 100%
[22:42:57] [Server thread/INFO]: Carrot Growth Modifier: 100%
[22:42:57] [Server thread/INFO]: Potato Growth Modifier: 100%
[22:42:57] [Server thread/INFO]: Wheat Growth Modifier: 100%
[22:42:57] [Server thread/INFO]: NetherWart Growth Modifier: 100%
[22:42:57] [Server thread/INFO]: Vine Growth Modifier: 100%
[22:42:57] [Server thread/INFO]: Cocoa Growth Modifier: 100%
[22:42:57] [Server thread/INFO]: Bamboo Growth Modifier: 100%
[22:42:57] [Server thread/INFO]: SweetBerry Growth Modifier: 100%
[22:42:57] [Server thread/INFO]: Kelp Growth Modifier: 100%
[22:42:57] [Server thread/INFO]: Experience Merge Radius: 3.0
[22:42:57] [Server thread/INFO]: Entity Activation Range: An 32 / Mo 32 / Ra 48 / Mi 16 / Tiv true
[22:42:57] [Server thread/INFO]: Mob Spawn Range: 6
[22:42:57] [Server thread/INFO]: Hopper Transfer: 8 Hopper Check: 1 Hopper Amount: 1
[22:42:57] [Server thread/INFO]: -------- World Settings For [world_the_end] --------
[22:42:57] [Server thread/INFO]: View Distance: 10
[22:42:57] [Server thread/INFO]: Allow Zombie Pigmen to spawn from portal blocks: true
[22:42:57] [Server thread/INFO]: Arrow Despawn Rate: 1200 Trident Respawn Rate:1200
[22:42:57] [Server thread/INFO]: Item Merge Radius: 2.5
[22:42:57] [Server thread/INFO]: Item Despawn Rate: 6000
[22:42:57] [Server thread/INFO]: Nerfing mobs spawned from spawners: false
[22:42:57] [Server thread/INFO]: Custom Map Seeds:  Village: 10387312 Desert: 14357617 Igloo: 14357618 Jungle: 14357619 Swamp: 14357620 Monument: 10387313Ocean: 14357621 Shipwreck: 165745295 Slime: 987234911
[22:42:57] [Server thread/INFO]: Zombie Aggressive Towards Villager: true
[22:42:57] [Server thread/INFO]: Tile Max Tick Time: 50ms Entity max Tick Time: 50ms
[22:42:57] [Server thread/INFO]: Max TNT Explosions: 100
[22:42:57] [Server thread/INFO]: Entity Tracking Range: Pl 48 / An 48 / Mo 48 / Mi 32 / Other 64
[22:42:57] [Server thread/INFO]: Cactus Growth Modifier: 100%
[22:42:57] [Server thread/INFO]: Cane Growth Modifier: 100%
[22:42:57] [Server thread/INFO]: Melon Growth Modifier: 100%
[22:42:57] [Server thread/INFO]: Mushroom Growth Modifier: 100%
[22:42:57] [Server thread/INFO]: Pumpkin Growth Modifier: 100%
[22:42:57] [Server thread/INFO]: Sapling Growth Modifier: 100%
[22:42:57] [Server thread/INFO]: Beetroot Growth Modifier: 100%
[22:42:57] [Server thread/INFO]: Carrot Growth Modifier: 100%
[22:42:57] [Server thread/INFO]: Potato Growth Modifier: 100%
[22:42:57] [Server thread/INFO]: Wheat Growth Modifier: 100%
[22:42:57] [Server thread/INFO]: NetherWart Growth Modifier: 100%
[22:42:57] [Server thread/INFO]: Vine Growth Modifier: 100%
[22:42:57] [Server thread/INFO]: Cocoa Growth Modifier: 100%
[22:42:57] [Server thread/INFO]: Bamboo Growth Modifier: 100%
[22:42:57] [Server thread/INFO]: SweetBerry Growth Modifier: 100%
[22:42:57] [Server thread/INFO]: Kelp Growth Modifier: 100%
[22:42:57] [Server thread/INFO]: Experience Merge Radius: 3.0
[22:42:57] [Server thread/INFO]: Entity Activation Range: An 32 / Mo 32 / Ra 48 / Mi 16 / Tiv true
[22:42:57] [Server thread/INFO]: Mob Spawn Range: 6
[22:42:57] [Server thread/INFO]: Hopper Transfer: 8 Hopper Check: 1 Hopper Amount: 1
[22:42:57] [Server thread/INFO]: Preparing start region for dimension 'world'/minecraft:overworld
[22:42:58] [Server thread/INFO]: Preparing spawn area: 0%
[22:42:58] [Server thread/INFO]: Preparing spawn area: 0%
[22:43:00] [Server-Worker-5/INFO]: Preparing spawn area: 83%
[22:43:00] [Server-Worker-4/INFO]: Preparing spawn area: 83%
[22:43:00] [Server-Worker-1/INFO]: Preparing spawn area: 83%
[22:43:00] [Server-Worker-2/INFO]: Preparing spawn area: 91%
[22:43:00] [Server-Worker-3/INFO]: Preparing spawn area: 91%
[22:43:01] [Server-Worker-1/INFO]: Preparing spawn area: 93%
[22:43:01] [Server thread/INFO]: Time elapsed: 3859 ms
[22:43:01] [Server thread/INFO]: Preparing start region for dimension 'world_nether'/minecraft:the_nether
[22:43:02] [Server thread/INFO]: Preparing spawn area: 0%
[22:43:02] [Server thread/INFO]: Preparing spawn area: 0%
[22:43:02] [Server-Worker-4/INFO]: Preparing spawn area: 83%
[22:43:03] [Server-Worker-7/INFO]: Preparing spawn area: 84%
[22:43:03] [Server thread/INFO]: Time elapsed: 1982 ms
[22:43:03] [Server thread/INFO]: Preparing start region for dimension 'world_the_end'/minecraft:the_end
[22:43:03] [Server thread/INFO]: Preparing spawn area: 0%
[22:43:04] [Server-Worker-1/INFO]: Preparing spawn area: 93%
[22:43:04] [Server thread/INFO]: Time elapsed: 539 ms
[22:43:04] [Server thread/INFO]: Server permissions file permissions.yml is empty, ignoring it
[22:43:04] [Server thread/INFO]: Done (11.028s)! For help, type "help"
